Sun 11 Sep 2022 02:06:02 AM MDT
[31m /home/geeko/OpenSUSE-AEEW-GSOC/GSOC-AEEW/images/src/png/architecture.png not optimized.[0m
[31m /home/geeko/OpenSUSE-AEEW-GSOC/GSOC-AEEW/images/src/png/doctor.png not optimized.[0m
[31m /home/geeko/OpenSUSE-AEEW-GSOC/GSOC-AEEW/images/src/png/gsoc_intro_banner.png not optimized.[0m
[31m /home/geeko/OpenSUSE-AEEW-GSOC/GSOC-AEEW/images/src/png/download_data.png not optimized.[0m
[31m /home/geeko/OpenSUSE-AEEW-GSOC/GSOC-AEEW/images/src/png/kubeflow.png not optimized.[0m
[31m /home/geeko/OpenSUSE-AEEW-GSOC/GSOC-AEEW/images/src/png/longhorn_dashboard.png not optimized.[0m
[31m /home/geeko/OpenSUSE-AEEW-GSOC/GSOC-AEEW/images/src/png/labtech.png not optimized.[0m
[31m /home/geeko/OpenSUSE-AEEW-GSOC/GSOC-AEEW/images/src/png/longhorn_marketplace.png not optimized.[0m
[31m /home/geeko/OpenSUSE-AEEW-GSOC/GSOC-AEEW/images/src/png/model_kflow.png not optimized.[0m
[31m /home/geeko/OpenSUSE-AEEW-GSOC/GSOC-AEEW/images/src/png/predict_data.png not optimized.[0m
[31m /home/geeko/OpenSUSE-AEEW-GSOC/GSOC-AEEW/images/src/png/pvc.png not optimized.[0m
[31m /home/geeko/OpenSUSE-AEEW-GSOC/GSOC-AEEW/images/src/png/preprocess_data.png not optimized.[0m
[31m /home/geeko/OpenSUSE-AEEW-GSOC/GSOC-AEEW/images/src/png/rancher_portal.png not optimized.[0m
[31m /home/geeko/OpenSUSE-AEEW-GSOC/GSOC-AEEW/images/src/png/rke.png not optimized.[0m
[31m /home/geeko/OpenSUSE-AEEW-GSOC/GSOC-AEEW/images/src/png/rancherk3s.png not optimized.[0m
[31m /home/geeko/OpenSUSE-AEEW-GSOC/GSOC-AEEW/images/src/png/retrain.png not optimized.[0m
[31m /home/geeko/OpenSUSE-AEEW-GSOC/GSOC-AEEW/images/src/png/select_ml_port.png not optimized.[0m
[32mHTML book built with REMARKS=0, DRAFT=no and META=0:[0m
[32m/home/geeko/OpenSUSE-AEEW-GSOC/GSOC-AEEW/build/gsoc_aeew_healthcare/html/gsoc_aeew_healthcare/[0m
