Thu Sep 15 08:37:19 UTC 2022
[31m /home/abhinav/gsoc-trd-abhinav/images/src/png/architecture.png not optimized.[0m
[31m /home/abhinav/gsoc-trd-abhinav/images/src/png/dataset_overview.png not optimized.[0m
[31m /home/abhinav/gsoc-trd-abhinav/images/src/png/doctor.png not optimized.[0m
[31m /home/abhinav/gsoc-trd-abhinav/images/src/png/download_data.png not optimized.[0m
[31m /home/abhinav/gsoc-trd-abhinav/images/src/png/gsoc_intro_banner.png not optimized.[0m
[31m /home/abhinav/gsoc-trd-abhinav/images/src/png/kubeflow.png not optimized.[0m
[31m /home/abhinav/gsoc-trd-abhinav/images/src/png/labtech.png not optimized.[0m
[31m /home/abhinav/gsoc-trd-abhinav/images/src/png/longhorn_dashboard.png not optimized.[0m
[31m /home/abhinav/gsoc-trd-abhinav/images/src/png/longhorn_marketplace.png not optimized.[0m
[31m /home/abhinav/gsoc-trd-abhinav/images/src/png/model_kflow.png not optimized.[0m
[31m /home/abhinav/gsoc-trd-abhinav/images/src/png/predict_data.png not optimized.[0m
[31m /home/abhinav/gsoc-trd-abhinav/images/src/png/prediction_cancer.png not optimized.[0m
[31m /home/abhinav/gsoc-trd-abhinav/images/src/png/preprocess_data.png not optimized.[0m
[31m /home/abhinav/gsoc-trd-abhinav/images/src/png/pvc.png not optimized.[0m
[31m /home/abhinav/gsoc-trd-abhinav/images/src/png/rancher_portal.png not optimized.[0m
[31m /home/abhinav/gsoc-trd-abhinav/images/src/png/rancherk3s.png not optimized.[0m
[31m /home/abhinav/gsoc-trd-abhinav/images/src/png/retrain.png not optimized.[0m
[31m /home/abhinav/gsoc-trd-abhinav/images/src/png/rke.png not optimized.[0m
[31m /home/abhinav/gsoc-trd-abhinav/images/src/png/select_ml_port.png not optimized.[0m
[31m /home/abhinav/gsoc-trd-abhinav/images/src/png/train_test_split.png not optimized.[0m
[31m /home/abhinav/gsoc-trd-abhinav/images/src/png/trained_grid.png not optimized.[0m
[32mHTML book built with REMARKS=0, DRAFT=no and META=0:[0m
[32m/home/abhinav/gsoc-trd-abhinav/build/gs_rancher_edge-analytics_healthcare_cancer-prediction/html/gs_rancher_edge-analytics_healthcare_cancer-prediction/[0m
